[2026-02-08 22:40:03] INFO     Status chargé: 1 redémarrages
[2026-02-08 22:40:03] INFO     ===== STATUT DU BOT =====
[2026-02-08 22:40:06] INFO     État: EN LIGNE
[2026-02-08 22:40:06] INFO     Health Check URL: http://localhost:8003/health
[2026-02-08 22:40:06] INFO     Redémarrages: 1
[2026-02-08 22:40:06] INFO     Dernier redémarrage: 2026-02-08T19:32:54.136100
[2026-02-08 22:40:49] INFO     Status chargé: 1 redémarrages
[2026-02-08 22:40:49] INFO     ===== STATUT DU BOT =====
[2026-02-08 22:40:52] INFO     État: EN LIGNE
[2026-02-08 22:40:52] INFO     Health Check URL: http://localhost:8003/health
[2026-02-08 22:40:52] INFO     Redémarrages: 1
[2026-02-08 22:40:52] INFO     Dernier redémarrage: 2026-02-08T19:32:54.136100
[2026-02-08 23:13:49] INFO     Status chargé: 1 redémarrages
[2026-02-08 23:13:49] INFO     ===== LANCEMENT DU BOT =====
[2026-02-08 23:13:49] INFO     [START] Lancement du bot...
[2026-02-08 23:13:49] INFO     [OK] Bot lancé avec PID 70424
[2026-02-08 23:13:56] INFO     [OK] Bot est opérationnel!
[2026-02-08 23:14:09] INFO     Status chargé: 2 redémarrages
[2026-02-08 23:14:09] INFO     ===== STATUT DU BOT =====
[2026-02-08 23:14:12] INFO     État: EN LIGNE
[2026-02-08 23:14:12] INFO     Health Check URL: http://localhost:8003/health
[2026-02-08 23:14:12] INFO     Redémarrages: 2
[2026-02-08 23:14:12] INFO     Dernier redémarrage: 2026-02-08T23:13:56.929423
[2026-02-09 00:14:53] INFO     Status chargé: 2 redémarrages
[2026-02-09 00:14:53] INFO     ===== LANCEMENT DU BOT =====
[2026-02-09 00:14:53] INFO     [START] Lancement du bot...
[2026-02-09 00:14:53] INFO     [OK] Bot lancé avec PID 76736
[2026-02-09 00:15:00] INFO     [OK] Bot est opérationnel!
[2026-02-09 00:15:16] INFO     Status chargé: 3 redémarrages
[2026-02-09 00:15:16] INFO     ===== VÉRIFICATION DE L'ÉTAT =====
[2026-02-09 00:15:16] INFO     [CHECK] Vérification de l'état du bot...
[2026-02-09 00:15:20] INFO     [OK] Bot en cours d'exécution
[2026-02-09 00:15:20] INFO     [STATUS] Bot: EN LIGNE [OK]
[2026-02-09 00:15:32] INFO     Status chargé: 3 redémarrages
[2026-02-09 00:15:32] INFO     ===== STATUT DU BOT =====
[2026-02-09 00:15:35] INFO     État: EN LIGNE
[2026-02-09 00:15:35] INFO     Health Check URL: http://localhost:8003/health
[2026-02-09 00:15:35] INFO     Redémarrages: 3
[2026-02-09 00:15:35] INFO     Dernier redémarrage: 2026-02-09T00:15:00.687521
[2026-02-09 00:17:33] INFO     Status chargé: 3 redémarrages
[2026-02-09 00:17:33] INFO     ===== LANCEMENT DU BOT =====
[2026-02-09 00:17:33] INFO     [START] Lancement du bot...
[2026-02-09 00:17:33] INFO     [OK] Bot lancé avec PID 84488
[2026-02-09 00:17:41] INFO     [OK] Bot est opérationnel!
[2026-02-09 00:26:27] INFO     Status chargé: 4 redémarrages
[2026-02-09 00:26:27] INFO     ===== LANCEMENT DU BOT =====
[2026-02-09 00:26:27] INFO     [START] Lancement du bot...
[2026-02-09 00:26:27] INFO     [OK] Bot lancé avec PID 87404
[2026-02-09 00:26:34] INFO     [OK] Bot est opérationnel!
[2026-02-09 00:35:34] INFO     Status chargé: 5 redémarrages
[2026-02-09 00:35:34] INFO     ===== LANCEMENT DU BOT =====
[2026-02-09 00:35:34] INFO     [START] Lancement du bot...
[2026-02-09 00:35:34] INFO     [OK] Bot lancé avec PID 87428
[2026-02-09 00:35:42] INFO     [OK] Bot est opérationnel!
[2026-02-09 00:44:40] INFO     Status chargé: 6 redémarrages
[2026-02-09 00:44:40] INFO     ===== LANCEMENT DU BOT =====
[2026-02-09 00:44:40] INFO     [START] Lancement du bot...
[2026-02-09 00:44:40] INFO     [OK] Bot lancé avec PID 52072
[2026-02-09 00:44:48] INFO     [OK] Bot est opérationnel!
[2026-02-09 00:54:28] INFO     Status chargé: 7 redémarrages
[2026-02-09 00:54:28] INFO     ===== LANCEMENT DU BOT =====
[2026-02-09 00:54:28] INFO     [START] Lancement du bot...
[2026-02-09 00:54:28] INFO     [OK] Bot lancé avec PID 4700
[2026-02-09 00:54:35] INFO     [OK] Bot est opérationnel!
[2026-02-09 01:03:35] INFO     Status chargé: 8 redémarrages
[2026-02-09 01:03:35] INFO     ===== LANCEMENT DU BOT =====
[2026-02-09 01:03:35] INFO     [START] Lancement du bot...
[2026-02-09 01:03:35] INFO     [OK] Bot lancé avec PID 87612
[2026-02-09 01:03:43] INFO     [OK] Bot est opérationnel!
[2026-02-09 01:05:53] INFO     Status chargé: 9 redémarrages
[2026-02-09 01:05:53] INFO     ===== LANCEMENT DU BOT =====
[2026-02-09 01:05:53] INFO     [START] Lancement du bot...
[2026-02-09 01:05:53] INFO     [OK] Bot lancé avec PID 72728
[2026-02-09 01:06:01] INFO     [OK] Bot est opérationnel!
[2026-02-09 01:21:58] INFO     Status chargé: 10 redémarrages
[2026-02-09 01:21:58] INFO     ===== LANCEMENT DU BOT =====
[2026-02-09 01:21:58] INFO     [START] Lancement du bot...
[2026-02-09 01:21:58] INFO     [OK] Bot lancé avec PID 88040
[2026-02-09 01:22:06] INFO     [OK] Bot est opérationnel!
[2026-02-09 01:29:00] INFO     Status chargé: 11 redémarrages
[2026-02-09 01:29:00] INFO     ===== LANCEMENT DU BOT =====
[2026-02-09 01:29:00] INFO     [START] Lancement du bot...
[2026-02-09 01:29:00] INFO     [OK] Bot lancé avec PID 22008
[2026-02-09 01:29:07] INFO     [OK] Bot est opérationnel!
